0 info it worked if it ends with ok
1 verbose cli [ '/usr/local/bin/node',
1 verbose cli   '/usr/local/bin/npm',
1 verbose cli   'install',
1 verbose cli   'node-waf' ]
2 info using npm@2.15.1
3 info using node@v4.4.4
4 verbose install initial load of /Users/ryan/Projects/code/node-samples/streams/package.json
5 verbose installManyTop reading scoped package data from /Users/ryan/Projects/code/node-samples/streams/node_modules/request/package.json
6 verbose readDependencies loading dependencies from /Users/ryan/Projects/code/node-samples/streams/package.json
7 silly cache add args [ 'node-waf', null ]
8 verbose cache add spec node-waf
9 silly cache add parsed spec Result {
9 silly cache add   raw: 'node-waf',
9 silly cache add   scope: null,
9 silly cache add   name: 'node-waf',
9 silly cache add   rawSpec: '',
9 silly cache add   spec: 'latest',
9 silly cache add   type: 'tag' }
10 silly addNamed node-waf@latest
11 verbose addNamed "latest" is being treated as a dist-tag for node-waf
12 info addNameTag [ 'node-waf', 'latest' ]
13 silly mapToRegistry name node-waf
14 silly mapToRegistry using default registry
15 silly mapToRegistry registry https://registry.npmjs.org/
16 silly mapToRegistry data Result {
16 silly mapToRegistry   raw: 'node-waf',
16 silly mapToRegistry   scope: null,
16 silly mapToRegistry   name: 'node-waf',
16 silly mapToRegistry   rawSpec: '',
16 silly mapToRegistry   spec: 'latest',
16 silly mapToRegistry   type: 'tag' }
17 silly mapToRegistry uri https://registry.npmjs.org/node-waf
18 verbose addNameTag registry:https://registry.npmjs.org/node-waf not in flight; fetching
19 verbose request uri https://registry.npmjs.org/node-waf
20 verbose request no auth needed
21 info attempt registry request try #1 at 3:18:47 AM
22 verbose request id 18bccebf95f9618a
23 http request GET https://registry.npmjs.org/node-waf
24 http 404 https://registry.npmjs.org/node-waf
25 verbose headers { 'content-type': 'application/json',
25 verbose headers   'cache-control': 'max-age=0',
25 verbose headers   'content-length': '2',
25 verbose headers   'accept-ranges': 'bytes',
25 verbose headers   date: 'Mon, 09 May 2016 10:18:47 GMT',
25 verbose headers   via: '1.1 varnish',
25 verbose headers   age: '0',
25 verbose headers   connection: 'keep-alive',
25 verbose headers   'x-served-by': 'cache-sjc3131-SJC',
25 verbose headers   'x-cache': 'MISS',
25 verbose headers   'x-cache-hits': '0',
25 verbose headers   'x-timer': 'S1462789127.885196,VS0,VE38',
25 verbose headers   vary: 'Accept-Encoding' }
26 silly get cb [ 404,
26 silly get   { 'content-type': 'application/json',
26 silly get     'cache-control': 'max-age=0',
26 silly get     'content-length': '2',
26 silly get     'accept-ranges': 'bytes',
26 silly get     date: 'Mon, 09 May 2016 10:18:47 GMT',
26 silly get     via: '1.1 varnish',
26 silly get     age: '0',
26 silly get     connection: 'keep-alive',
26 silly get     'x-served-by': 'cache-sjc3131-SJC',
26 silly get     'x-cache': 'MISS',
26 silly get     'x-cache-hits': '0',
26 silly get     'x-timer': 'S1462789127.885196,VS0,VE38',
26 silly get     vary: 'Accept-Encoding' } ]
27 verbose stack Error: Registry returned 404 for GET on https://registry.npmjs.org/node-waf
27 verbose stack     at makeError (/usr/local/lib/node_modules/npm/node_modules/npm-registry-client/lib/request.js:264:12)
27 verbose stack     at CachingRegistryClient.<anonymous> (/usr/local/lib/node_modules/npm/node_modules/npm-registry-client/lib/request.js:242:14)
27 verbose stack     at Request._callback (/usr/local/lib/node_modules/npm/node_modules/npm-registry-client/lib/request.js:172:14)
27 verbose stack     at Request.self.callback (/usr/local/lib/node_modules/npm/node_modules/request/request.js:199:22)
27 verbose stack     at emitTwo (events.js:87:13)
27 verbose stack     at Request.emit (events.js:172:7)
27 verbose stack     at Request.<anonymous> (/usr/local/lib/node_modules/npm/node_modules/request/request.js:1036:10)
27 verbose stack     at emitOne (events.js:82:20)
27 verbose stack     at Request.emit (events.js:169:7)
27 verbose stack     at IncomingMessage.<anonymous> (/usr/local/lib/node_modules/npm/node_modules/request/request.js:963:12)
28 verbose statusCode 404
29 verbose pkgid node-waf
30 verbose cwd /Users/ryan/Projects/code/node-samples/streams
31 error Darwin 15.4.0
32 error argv "/usr/local/bin/node" "/usr/local/bin/npm" "install" "node-waf"
33 error node v4.4.4
34 error npm  v2.15.1
35 error code E404
36 error 404 Registry returned 404 for GET on https://registry.npmjs.org/node-waf
36 error 404
36 error 404 'node-waf' is not in the npm registry.
36 error 404 You should bug the author to publish it (or use the name yourself!)
36 error 404
36 error 404 Note that you can also install from a
36 error 404 tarball, folder, http url, or git url.
37 verbose exit [ 1, true ]
